<?xml version="1.0" encoding="UTF-8"?>
<!-- Generated by org.testng.reporters.JUnitReportReporter -->
<testsuite hostname="MT-PF15XYQM" failures="0" tests="1" name="Utilities.Screenshot" time="8.264" errors="0" timestamp="2022-07-30T15:13:42 IST" skipped="0">
  <testcase classname="Utilities.Screenshot" name="f" time="8.264"/>
  <system-out/>
</testsuite> <!-- Utilities.Screenshot -->
