<?xml version="1.0" encoding="UTF-8"?>
<!-- Generated by org.testng.reporters.JUnitReportReporter -->
<testsuite hostname="MT-PF15XYQM" failures="0" tests="1" name="Runner.SearchTestRunner" time="0.810" errors="0" timestamp="2022-07-30T15:38:14 IST" skipped="0">
  <testcase classname="Runner.SearchTestRunner" name="search" time="0.810"/>
  <system-out/>
</testsuite> <!-- Runner.SearchTestRunner -->
