<?xml version="1.0" encoding="UTF-8"?>
<!-- Generated by org.testng.reporters.JUnitReportReporter -->
<testsuite hostname="MT-PF15XYQM" failures="0" tests="2" name="Runner.Runner$NoInjectionTest" time="0.000" errors="0" timestamp="2022-07-29T23:49:47 IST" skipped="2">
  <testcase classname="Runner.Runner$NoInjectionTest" name="withInjection" time="0.000">
    <skipped/>
  </testcase> <!-- withInjection -->
  <system-out/>
  <testcase classname="Runner.Runner$NoInjectionTest" name="withoutInjection" time="0.000">
    <skipped/>
  </testcase> <!-- withoutInjection -->
  <system-out/>
</testsuite> <!-- Runner.Runner$NoInjectionTest -->
