<?xml version="1.0" encoding="UTF-8"?>
<!-- Generated by org.testng.reporters.JUnitReportReporter -->
<testsuite hostname="MT-PF15XYQM" failures="0" tests="1" name="com.mindtree.com.Comprensive.AppTest" time="0.012" errors="0" timestamp="2022-07-28T16:06:31 IST" skipped="0">
  <testcase classname="com.mindtree.com.Comprensive.AppTest" name="shouldAnswerWithTrue" time="0.012"/>
</testsuite> <!-- com.mindtree.com.Comprensive.AppTest -->
